0 info it worked if it ends with ok
1 verbose cli [ 'c:\\Program Files (x86)\\nodejs\\\\node.exe',
1 verbose cli   'c:\\Program Files (x86)\\nodejs\\node_modules\\npm\\bin\\npm-cli.js',
1 verbose cli   'install' ]
2 info using npm@2.11.2
3 info using node@v0.12.5
4 verbose readDependencies loading dependencies from c:\Users\akhlebaev\custom-properties\package.json
5 verbose install where, deps [ 'c:\\Users\\akhlebaev\\custom-properties',
5 verbose install   [ 'shower-core',
5 verbose install     'shower-material',
5 verbose install     'shower-ribbon',
5 verbose install     'babel',
5 verbose install     'del',
5 verbose install     'fs',
5 verbose install     'gulp',
5 verbose install     'gulp-gh-pages',
5 verbose install     'gulp-rename',
5 verbose install     'gulp-replace',
5 verbose install     'gulp-rsync',
5 verbose install     'gulp-zip',
5 verbose install     'merge-stream',
5 verbose install     'run-sequence' ] ]
6 verbose install where, peers [ 'c:\\Users\\akhlebaev\\custom-properties', [] ]
7 verbose installManyTop reading for lifecycle c:\Users\akhlebaev\custom-properties\package.json
8 info preinstall shower@2.1.1
9 verbose installManyTop reading scoped package data from c:\Users\akhlebaev\custom-properties\node_modules\babel\package.json
10 verbose installManyTop reading scoped package data from c:\Users\akhlebaev\custom-properties\node_modules\babel-core\package.json
11 verbose installManyTop reading scoped package data from c:\Users\akhlebaev\custom-properties\node_modules\babel-preset-es2015\package.json
12 verbose installManyTop reading scoped package data from c:\Users\akhlebaev\custom-properties\node_modules\del\package.json
13 verbose installManyTop reading scoped package data from c:\Users\akhlebaev\custom-properties\node_modules\fs\package.json
14 verbose installManyTop reading scoped package data from c:\Users\akhlebaev\custom-properties\node_modules\gulp\package.json
15 verbose installManyTop reading scoped package data from c:\Users\akhlebaev\custom-properties\node_modules\gulp-gh-pages\package.json
16 verbose installManyTop reading scoped package data from c:\Users\akhlebaev\custom-properties\node_modules\gulp-rename\package.json
17 verbose installManyTop reading scoped package data from c:\Users\akhlebaev\custom-properties\node_modules\gulp-replace\package.json
18 verbose installManyTop reading scoped package data from c:\Users\akhlebaev\custom-properties\node_modules\gulp-rsync\package.json
19 verbose installManyTop reading scoped package data from c:\Users\akhlebaev\custom-properties\node_modules\gulp-zip\package.json
20 verbose installManyTop reading scoped package data from c:\Users\akhlebaev\custom-properties\node_modules\merge-stream\package.json
21 verbose installManyTop reading scoped package data from c:\Users\akhlebaev\custom-properties\node_modules\run-sequence\package.json
22 verbose installManyTop reading scoped package data from c:\Users\akhlebaev\custom-properties\node_modules\shower-core\package.json
23 verbose installManyTop reading scoped package data from c:\Users\akhlebaev\custom-properties\node_modules\shower-material\package.json
24 verbose installManyTop reading scoped package data from c:\Users\akhlebaev\custom-properties\node_modules\shower-ribbon\package.json
25 info package.json fs@0.0.2 fs is also the name of a node core module.
26 info package.json fs@0.0.2 No description
27 info package.json fs@0.0.2 No repository field.
28 info package.json fs@0.0.2 No README data
29 info package.json gulp-rename@1.2.2 No license field.
30 verbose readDependencies loading dependencies from c:\Users\akhlebaev\custom-properties\package.json
31 verbose targetResolver reading package data from c:\Users\akhlebaev\custom-properties\node_modules\babel\package.json
32 verbose targetResolver reading package data from c:\Users\akhlebaev\custom-properties\node_modules\babel-core\package.json
33 verbose targetResolver reading package data from c:\Users\akhlebaev\custom-properties\node_modules\babel-preset-es2015\package.json
34 verbose targetResolver reading package data from c:\Users\akhlebaev\custom-properties\node_modules\del\package.json
35 verbose targetResolver reading package data from c:\Users\akhlebaev\custom-properties\node_modules\fs\package.json
36 verbose targetResolver reading package data from c:\Users\akhlebaev\custom-properties\node_modules\gulp\package.json
37 verbose targetResolver reading package data from c:\Users\akhlebaev\custom-properties\node_modules\gulp-gh-pages\package.json
38 verbose targetResolver reading package data from c:\Users\akhlebaev\custom-properties\node_modules\gulp-rename\package.json
39 verbose targetResolver reading package data from c:\Users\akhlebaev\custom-properties\node_modules\gulp-replace\package.json
40 verbose targetResolver reading package data from c:\Users\akhlebaev\custom-properties\node_modules\gulp-rsync\package.json
41 verbose targetResolver reading package data from c:\Users\akhlebaev\custom-properties\node_modules\gulp-zip\package.json
42 verbose targetResolver reading package data from c:\Users\akhlebaev\custom-properties\node_modules\merge-stream\package.json
43 verbose targetResolver reading package data from c:\Users\akhlebaev\custom-properties\node_modules\run-sequence\package.json
44 verbose targetResolver reading package data from c:\Users\akhlebaev\custom-properties\node_modules\shower-core\package.json
45 verbose targetResolver reading package data from c:\Users\akhlebaev\custom-properties\node_modules\shower-material\package.json
46 verbose targetResolver reading package data from c:\Users\akhlebaev\custom-properties\node_modules\shower-ribbon\package.json
47 verbose targetResolver reading package data from c:\Users\akhlebaev\custom-properties\node_modules\.bin\babel\package.json
48 verbose targetResolver reading package data from c:\Users\akhlebaev\custom-properties\node_modules\.bin\babel-external-helpers\package.json
49 verbose targetResolver reading package data from c:\Users\akhlebaev\custom-properties\node_modules\.bin\babel-external-helpers.cmd\package.json
50 verbose targetResolver reading package data from c:\Users\akhlebaev\custom-properties\node_modules\.bin\babel-node\package.json
51 verbose targetResolver reading package data from c:\Users\akhlebaev\custom-properties\node_modules\.bin\babel-node.cmd\package.json
52 verbose targetResolver reading package data from c:\Users\akhlebaev\custom-properties\node_modules\.bin\babel.cmd\package.json
53 verbose already installed skipping shower-material@^1.0.4 c:\Users\akhlebaev\custom-properties
54 verbose already installed skipping shower-ribbon@^2.0.5 c:\Users\akhlebaev\custom-properties
55 verbose already installed skipping babel@^6.5.2 c:\Users\akhlebaev\custom-properties
56 verbose already installed skipping del@^2.2.0 c:\Users\akhlebaev\custom-properties
57 verbose already installed skipping fs@0.0.2 c:\Users\akhlebaev\custom-properties
58 silly cache add args [ 'gulp@^3.9.1', null ]
59 verbose cache add spec gulp@^3.9.1
60 silly cache add parsed spec { raw: 'gulp@^3.9.1',
60 silly cache add   scope: null,
60 silly cache add   name: 'gulp',
60 silly cache add   rawSpec: '^3.9.1',
60 silly cache add   spec: '>=3.9.1 <4.0.0',
60 silly cache add   type: 'range' }
61 silly addNamed gulp@>=3.9.1 <4.0.0
62 verbose addNamed ">=3.9.1 <4.0.0" is a valid semver range for gulp
63 silly addNameRange { name: 'gulp', range: '>=3.9.1 <4.0.0', hasData: false }
64 silly mapToRegistry name gulp
65 silly mapToRegistry using default registry
66 silly mapToRegistry registry https://registry.npmjs.org/
67 silly mapToRegistry uri https://registry.npmjs.org/gulp
68 verbose addNameRange registry:https://registry.npmjs.org/gulp not in flight; fetching
69 verbose already installed skipping gulp-gh-pages@^0.5.4 c:\Users\akhlebaev\custom-properties
70 verbose already installed skipping gulp-rename@^1.2.2 c:\Users\akhlebaev\custom-properties
71 verbose already installed skipping gulp-replace@^0.5.4 c:\Users\akhlebaev\custom-properties
72 verbose already installed skipping gulp-rsync@0.0.6 c:\Users\akhlebaev\custom-properties
73 verbose already installed skipping gulp-zip@^3.2.0 c:\Users\akhlebaev\custom-properties
74 verbose already installed skipping merge-stream@^1.0.0 c:\Users\akhlebaev\custom-properties
75 verbose already installed skipping run-sequence@^1.1.5 c:\Users\akhlebaev\custom-properties
76 verbose already installed skipping shower-core@^2.0.6 c:\Users\akhlebaev\custom-properties
77 verbose request uri https://registry.npmjs.org/gulp
78 verbose request no auth needed
79 info attempt registry request try #1 at 22:15:53
80 verbose request using bearer token for auth
81 verbose request id c7f29f65f5e05338
82 verbose etag "42KS9057MRIV21ON4MNI4OPOG"
83 http request GET https://registry.npmjs.org/gulp
84 http 304 https://registry.npmjs.org/gulp
85 silly get cb [ 304,
85 silly get   { 'cache-control': 'max-age=300',
85 silly get     'accept-ranges': 'bytes',
85 silly get     date: 'Sun, 22 May 2016 19:15:54 GMT',
85 silly get     via: '1.1 varnish',
85 silly get     connection: 'keep-alive',
85 silly get     'x-served-by': 'cache-fra1230-FRA',
85 silly get     'x-cache': 'MISS',
85 silly get     'x-cache-hits': '0',
85 silly get     'x-timer': 'S1463944554.439873,VS0,VE121',
85 silly get     vary: 'Accept-Encoding' } ]
86 verbose etag https://registry.npmjs.org/gulp from cache
87 verbose get saving gulp to C:\Users\akhlebaev\AppData\Roaming\npm-cache\registry.npmjs.org\gulp\.cache.json
88 silly addNameRange number 2 { name: 'gulp', range: '>=3.9.1 <4.0.0', hasData: true }
89 silly addNameRange versions [ 'gulp',
89 silly addNameRange   [ '0.0.1',
89 silly addNameRange     '0.0.2',
89 silly addNameRange     '0.0.3',
89 silly addNameRange     '0.0.4',
89 silly addNameRange     '0.0.5',
89 silly addNameRange     '0.0.7',
89 silly addNameRange     '0.0.8',
89 silly addNameRange     '0.0.9',
89 silly addNameRange     '0.1.0',
89 silly addNameRange     '0.2.0',
89 silly addNameRange     '1.0.0',
89 silly addNameRange     '1.1.0',
89 silly addNameRange     '1.2.0',
89 silly addNameRange     '1.2.1',
89 silly addNameRange     '2.0.0',
89 silly addNameRange     '2.0.1',
89 silly addNameRange     '2.1.0',
89 silly addNameRange     '2.2.0',
89 silly addNameRange     '2.3.0',
89 silly addNameRange     '2.4.0',
89 silly addNameRange     '2.4.1',
89 silly addNameRange     '2.6.0',
89 silly addNameRange     '2.6.1',
89 silly addNameRange     '2.7.0',
89 silly addNameRange     '3.0.0',
89 silly addNameRange     '3.1.1',
89 silly addNameRange     '3.1.2',
89 silly addNameRange     '3.1.3',
89 silly addNameRange     '3.1.4',
89 silly addNameRange     '3.2.0',
89 silly addNameRange     '3.2.1',
89 silly addNameRange     '3.2.2',
89 silly addNameRange     '3.2.3',
89 silly addNameRange     '3.2.4',
89 silly addNameRange     '3.2.5',
89 silly addNameRange     '3.3.0',
89 silly addNameRange     '3.3.1',
89 silly addNameRange     '3.3.2',
89 silly addNameRange     '3.3.4',
89 silly addNameRange     '3.4.0',
89 silly addNameRange     '3.5.0',
89 silly addNameRange     '3.5.1',
89 silly addNameRange     '3.5.2',
89 silly addNameRange     '3.5.5',
89 silly addNameRange     '3.5.6',
89 silly addNameRange     '3.6.0',
89 silly addNameRange     '3.6.1',
89 silly addNameRange     '3.6.2',
89 silly addNameRange     '3.7.0',
89 silly addNameRange     '3.8.0',
89 silly addNameRange     '3.8.1',
89 silly addNameRange     '3.8.2',
89 silly addNameRange     '3.8.3',
89 silly addNameRange     '3.8.4',
89 silly addNameRange     '3.8.5',
89 silly addNameRange     '3.8.6',
89 silly addNameRange     '3.8.7',
89 silly addNameRange     '3.8.8',
89 silly addNameRange     '3.8.9',
89 silly addNameRange     '3.8.10',
89 silly addNameRange     '3.8.11',
89 silly addNameRange     '3.9.0',
89 silly addNameRange     '3.9.1' ] ]
90 silly addNamed gulp@3.9.1
91 verbose addNamed "3.9.1" is a plain semver version for gulp
92 silly cache afterAdd gulp@3.9.1
93 verbose afterAdd C:\Users\akhlebaev\AppData\Roaming\npm-cache\gulp\3.9.1\package\package.json not in flight; writing
94 verbose afterAdd C:\Users\akhlebaev\AppData\Roaming\npm-cache\gulp\3.9.1\package\package.json written
95 silly install resolved [ { name: 'gulp',
95 silly install resolved     description: 'The streaming build system',
95 silly install resolved     version: '3.9.1',
95 silly install resolved     homepage: 'http://gulpjs.com',
95 silly install resolved     repository: { type: 'git', url: 'git+https://github.com/gulpjs/gulp.git' },
95 silly install resolved     author:
95 silly install resolved      { name: 'Fractal',
95 silly install resolved        email: 'contact@wearefractal.com',
95 silly install resolved        url: 'http://wearefractal.com/' },
95 silly install resolved     tags: [ 'build', 'stream', 'system', 'make', 'tool', 'asset', 'pipeline' ],
95 silly install resolved     files: [ 'index.js', 'lib', 'bin', 'completion', 'gulp.1' ],
95 silly install resolved     bin: { gulp: './bin/gulp.js' },
95 silly install resolved     man: [ 'gulp.1' ],
95 silly install resolved     dependencies:
95 silly install resolved      { archy: '^1.0.0',
95 silly install resolved        chalk: '^1.0.0',
95 silly install resolved        deprecated: '^0.0.1',
95 silly install resolved        'gulp-util': '^3.0.0',
95 silly install resolved        interpret: '^1.0.0',
95 silly install resolved        liftoff: '^2.1.0',
95 silly install resolved        minimist: '^1.1.0',
95 silly install resolved        orchestrator: '^0.3.0',
95 silly install resolved        'pretty-hrtime': '^1.0.0',
95 silly install resolved        semver: '^4.1.0',
95 silly install resolved        tildify: '^1.0.0',
95 silly install resolved        v8flags: '^2.0.2',
95 silly install resolved        'vinyl-fs': '^0.3.0' },
95 silly install resolved     devDependencies:
95 silly install resolved      { coveralls: '^2.7.0',
95 silly install resolved        eslint: '^1.7.3',
95 silly install resolved        'eslint-config-gulp': '^2.0.0',
95 silly install resolved        'graceful-fs': '^3.0.0',
95 silly install resolved        istanbul: '^0.3.0',
95 silly install resolved        jscs: '^2.3.5',
95 silly install resolved        'jscs-preset-gulp': '^1.0.0',
95 silly install resolved        'marked-man': '^0.1.3',
95 silly install resolved        mkdirp: '^0.5.0',
95 silly install resolved        mocha: '^2.0.1',
95 silly install resolved        'mocha-lcov-reporter': '^0.0.1',
95 silly install resolved        q: '^1.0.0',
95 silly install resolved        rimraf: '^2.2.5',
95 silly install resolved        should: '^5.0.1' },
95 silly install resolved     scripts:
95 silly install resolved      { prepublish: 'marked-man --name gulp docs/CLI.md > gulp.1',
95 silly install resolved        lint: 'eslint . && jscs *.js bin/ lib/ test/',
95 silly install resolved        pretest: 'npm run lint',
95 silly install resolved        test: 'mocha --reporter spec',
95 silly install resolved        coveralls: 'istanbul cover _mocha --report lcovonly -- -R spec && cat ./coverage/lcov.info | coveralls && rm -rf ./coverage' },
95 silly install resolved     engines: { node: '>= 0.9' },
95 silly install resolved     license: 'MIT',
95 silly install resolved     gitHead: '9c14e3a13a73a32e424f144d62566671b2fcdbed',
95 silly install resolved     bugs: { url: 'https://github.com/gulpjs/gulp/issues' },
95 silly install resolved     _id: 'gulp@3.9.1',
95 silly install resolved     _shasum: '571ce45928dd40af6514fc4011866016c13845b4',
95 silly install resolved     _from: 'gulp@>=3.9.1 <4.0.0',
95 silly install resolved     _npmVersion: '2.14.14',
95 silly install resolved     _nodeVersion: '0.10.41',
95 silly install resolved     _npmUser: { name: 'phated', email: 'blaine@iceddev.com' },
95 silly install resolved     maintainers: [ [Object], [Object] ],
95 silly install resolved     dist:
95 silly install resolved      { shasum: '571ce45928dd40af6514fc4011866016c13845b4',
95 silly install resolved        tarball: 'https://registry.npmjs.org/gulp/-/gulp-3.9.1.tgz' },
95 silly install resolved     _npmOperationalInternal:
95 silly install resolved      { host: 'packages-6-west.internal.npmjs.com',
95 silly install resolved        tmp: 'tmp/gulp-3.9.1.tgz_1454957415500_0.15343931876122952' },
95 silly install resolved     directories: {},
95 silly install resolved     _resolved: 'https://registry.npmjs.org/gulp/-/gulp-3.9.1.tgz',
95 silly install resolved     readme: 'ERROR: No README data found!' } ]
96 info install gulp@3.9.1 into c:\Users\akhlebaev\custom-properties
97 info installOne gulp@3.9.1
98 verbose installOne of gulp to c:\Users\akhlebaev\custom-properties not in flight; installing
99 verbose lock using C:\Users\akhlebaev\AppData\Roaming\npm-cache\_locks\gulp-7e7cddd4b1bd2e10.lock for c:\Users\akhlebaev\custom-properties\node_modules\gulp
100 silly install write writing gulp 3.9.1 to c:\Users\akhlebaev\custom-properties\node_modules\gulp
101 verbose unbuild node_modules\gulp
102 silly gentlyRm c:\Users\akhlebaev\custom-properties\node_modules\gulp is being purged from base c:\Users\akhlebaev\custom-properties
103 verbose gentlyRm don't care about contents; nuking c:\Users\akhlebaev\custom-properties\node_modules\gulp
104 silly vacuum-fs purging c:\Users\akhlebaev\custom-properties\node_modules\gulp
105 verbose unlock done using C:\Users\akhlebaev\AppData\Roaming\npm-cache\_locks\gulp-7e7cddd4b1bd2e10.lock for c:\Users\akhlebaev\custom-properties\node_modules\gulp
106 verbose stack Error: EBUSY, rmdir 'c:\Users\akhlebaev\custom-properties\node_modules\gulp\bin'
106 verbose stack     at Error (native)
107 verbose cwd c:\Users\akhlebaev\custom-properties
108 error Windows_NT 6.3.9600
109 error argv "c:\\Program Files (x86)\\nodejs\\\\node.exe" "c:\\Program Files (x86)\\nodejs\\node_modules\\npm\\bin\\npm-cli.js" "install"
110 error node v0.12.5
111 error npm  v2.11.2
112 error path c:\Users\akhlebaev\custom-properties\node_modules\gulp\bin
113 error code EBUSY
114 error errno -4082
115 error EBUSY, rmdir 'c:\Users\akhlebaev\custom-properties\node_modules\gulp\bin'
116 error If you need help, you may report this error at:
116 error     <https://github.com/npm/npm/issues>
117 verbose exit [ -4082, true ]
118 verbose unbuild node_modules\gulp
119 silly gentlyRm c:\Users\akhlebaev\custom-properties\node_modules\gulp is being purged from base c:\Users\akhlebaev\custom-properties
120 verbose gentlyRm don't care about contents; nuking c:\Users\akhlebaev\custom-properties\node_modules\gulp
121 silly vacuum-fs purging c:\Users\akhlebaev\custom-properties\node_modules\gulp
122 error error rolling back Error: EBUSY, rmdir 'c:\Users\akhlebaev\custom-properties\node_modules\gulp\bin'
122 error error rolling back     at Error (native)
122 error error rolling back  { [Error: EBUSY, rmdir 'c:\Users\akhlebaev\custom-properties\node_modules\gulp\bin']
122 error error rolling back   errno: -4082,
122 error error rolling back   code: 'EBUSY',
122 error error rolling back   path: 'c:\\Users\\akhlebaev\\custom-properties\\node_modules\\gulp\\bin' }
